<?xml version="1.0" encoding="UTF-8"?>
<testng-results skipped="0" failed="1" ignored="2" total="4" passed="1">
  <reporter-output>
  </reporter-output>
  <suite name="SmokeTestSuite" duration-ms="49202" started-at="2020-09-09T07:17:14Z" finished-at="2020-09-09T07:18:03Z">
    <groups>
    </groups>
    <test name="SmokeTest" duration-ms="49202" started-at="2020-09-09T07:17:14Z" finished-at="2020-09-09T07:18:03Z">
      <class name="com.orangehrm.tests.AddEmployeeTest">
        <test-method status="PASS" signature="openBrowser(java.lang.reflect.Method)[pri:0, instance:com.orangehrm.tests.AddEmployeeTest@26f67b76]" name="openBrowser" is-config="true" duration-ms="5394" started-at="2020-09-09T07:17:31Z" finished-at="2020-09-09T07:17:36Z">
          <params>
            <param index="0">
              <value>
                <![CDATA[public void com.orangehrm.tests.AddEmployeeTest.verifyAddEmployee() throws java.lang.InterruptedException]]>
              </value>
            </param>
          </params>
          <reporter-output>
          </reporter-output>
        </test-method> <!-- openBrowser -->
        <test-method status="PASS" signature="openApplication()[pri:0, instance:com.orangehrm.tests.AddEmployeeTest@26f67b76]" name="openApplication" is-config="true" duration-ms="379" started-at="2020-09-09T07:17:36Z" depends-on-methods="com.orangehrm.tests.BaseTest.openBrowser" finished-at="2020-09-09T07:17:37Z">
          <reporter-output>
          </reporter-output>
        </test-method> <!-- openApplication -->
        <test-method status="FAIL" signature="verifyAddEmployee()[pri:0, instance:com.orangehrm.tests.AddEmployeeTest@26f67b76]" name="verifyAddEmployee" duration-ms="24924" started-at="2020-09-09T07:17:37Z" finished-at="2020-09-09T07:18:02Z">
          <exception class="java.lang.AssertionError">
            <message>
              <![CDATA[Verify employee record in Web Table expected [0053] but found [null]]]>
            </message>
            <full-stacktrace>
              <![CDATA[java.lang.AssertionError: Verify employee record in Web Table expected [0053] but found [null]
at org.testng.Assert.fail(Assert.java:96)
at org.testng.Assert.failNotEquals(Assert.java:776)
at org.testng.Assert.assertEqualsImpl(Assert.java:132)
at org.testng.Assert.assertEquals(Assert.java:118)
at org.testng.Assert.assertEquals(Assert.java:453)
at com.orangehrm.tests.AddEmployeeTest.verifyAddEmployee(AddEmployeeTest.java:36)
at sun.reflect.NativeMethodAccessorImpl.invoke0(Native Method)
at sun.reflect.NativeMethodAccessorImpl.invoke(NativeMethodAccessorImpl.java:62)
at sun.reflect.DelegatingMethodAccessorImpl.invoke(DelegatingMethodAccessorImpl.java:43)
at java.lang.reflect.Method.invoke(Method.java:498)
at org.testng.internal.MethodInvocationHelper.invokeMethod(MethodInvocationHelper.java:124)
at org.testng.internal.Invoker.invokeMethod(Invoker.java:583)
at org.testng.internal.Invoker.invokeTestMethod(Invoker.java:719)
at org.testng.internal.Invoker.invokeTestMethods(Invoker.java:989)
at org.testng.internal.TestMethodWorker.invokeTestMethods(TestMethodWorker.java:125)
at org.testng.internal.TestMethodWorker.run(TestMethodWorker.java:109)
at org.testng.TestRunner.privateRun(TestRunner.java:648)
at org.testng.TestRunner.run(TestRunner.java:505)
at org.testng.SuiteRunner.runTest(SuiteRunner.java:455)
at org.testng.SuiteRunner.runSequentially(SuiteRunner.java:450)
at org.testng.SuiteRunner.privateRun(SuiteRunner.java:415)
at org.testng.SuiteRunner.run(SuiteRunner.java:364)
at org.testng.SuiteRunnerWorker.runSuite(SuiteRunnerWorker.java:52)
at org.testng.SuiteRunnerWorker.run(SuiteRunnerWorker.java:84)
at org.testng.TestNG.runSuitesSequentially(TestNG.java:1208)
at org.testng.TestNG.runSuitesLocally(TestNG.java:1137)
at org.testng.TestNG.runSuites(TestNG.java:1049)
at org.testng.TestNG.run(TestNG.java:1017)
at org.apache.maven.surefire.testng.TestNGExecutor.run(TestNGExecutor.java:283)
at org.apache.maven.surefire.testng.TestNGXmlTestSuite.execute(TestNGXmlTestSuite.java:75)
at org.apache.maven.surefire.testng.TestNGProvider.invoke(TestNGProvider.java:120)
at org.apache.maven.surefire.booter.ForkedBooter.invokeProviderInSameClassLoader(ForkedBooter.java:384)
at org.apache.maven.surefire.booter.ForkedBooter.runSuitesInProcess(ForkedBooter.java:345)
at org.apache.maven.surefire.booter.ForkedBooter.execute(ForkedBooter.java:126)
at org.apache.maven.surefire.booter.ForkedBooter.main(ForkedBooter.java:418)
]]>
            </full-stacktrace>
          </exception> <!-- java.lang.AssertionError -->
          <reporter-output>
          </reporter-output>
        </test-method> <!-- verifyAddEmployee -->
        <test-method status="PASS" signature="closeBrowser(org.testng.ITestResult)[pri:0, instance:com.orangehrm.tests.AddEmployeeTest@26f67b76]" name="closeBrowser" is-config="true" duration-ms="1222" started-at="2020-09-09T07:18:02Z" finished-at="2020-09-09T07:18:03Z">
          <params>
            <param index="0">
              <value>
                <![CDATA[[TestResult name=verifyAddEmployee status=FAILURE method=AddEmployeeTest.verifyAddEmployee()[pri:0, instance:com.orangehrm.tests.AddEmployeeTest@26f67b76] output={null}]]]>
              </value>
            </param>
          </params>
          <reporter-output>
          </reporter-output>
        </test-method> <!-- closeBrowser -->
      </class> <!-- com.orangehrm.tests.AddEmployeeTest -->
      <class name="com.orangehrm.tests.LoginTest">
        <test-method status="PASS" signature="intialize()[pri:0, instance:com.orangehrm.tests.LoginTest@97e1986]" name="intialize" is-config="true" duration-ms="1391" started-at="2020-09-09T07:17:12Z" finished-at="2020-09-09T07:17:14Z">
          <reporter-output>
          </reporter-output>
        </test-method> <!-- intialize -->
        <test-method status="PASS" signature="openBrowser(java.lang.reflect.Method)[pri:0, instance:com.orangehrm.tests.LoginTest@97e1986]" name="openBrowser" is-config="true" duration-ms="7083" started-at="2020-09-09T07:17:14Z" finished-at="2020-09-09T07:17:21Z">
          <params>
            <param index="0">
              <value>
                <![CDATA[public void com.orangehrm.tests.LoginTest.verifyLoginWithValidCredentials() throws java.lang.InterruptedException]]>
              </value>
            </param>
          </params>
          <reporter-output>
          </reporter-output>
        </test-method> <!-- openBrowser -->
        <test-method status="PASS" signature="openApplication()[pri:0, instance:com.orangehrm.tests.LoginTest@97e1986]" name="openApplication" is-config="true" duration-ms="367" started-at="2020-09-09T07:17:21Z" depends-on-methods="com.orangehrm.tests.BaseTest.openBrowser" finished-at="2020-09-09T07:17:21Z">
          <reporter-output>
          </reporter-output>
        </test-method> <!-- openApplication -->
        <test-method status="PASS" signature="verifyLoginWithValidCredentials()[pri:0, instance:com.orangehrm.tests.LoginTest@97e1986]" name="verifyLoginWithValidCredentials" duration-ms="9024" started-at="2020-09-09T07:17:21Z" finished-at="2020-09-09T07:17:30Z">
          <reporter-output>
          </reporter-output>
        </test-method> <!-- verifyLoginWithValidCredentials -->
        <test-method status="PASS" signature="closeBrowser(org.testng.ITestResult)[pri:0, instance:com.orangehrm.tests.LoginTest@97e1986]" name="closeBrowser" is-config="true" duration-ms="710" started-at="2020-09-09T07:17:30Z" finished-at="2020-09-09T07:17:31Z">
          <params>
            <param index="0">
              <value>
                <![CDATA[[TestResult name=verifyLoginWithValidCredentials status=SUCCESS method=LoginTest.verifyLoginWithValidCredentials()[pri:0, instance:com.orangehrm.tests.LoginTest@97e1986] output={null}]]]>
              </value>
            </param>
          </params>
          <reporter-output>
          </reporter-output>
        </test-method> <!-- closeBrowser -->
        <test-method status="PASS" signature="tearDown()[pri:0, instance:com.orangehrm.tests.LoginTest@97e1986]" name="tearDown" is-config="true" duration-ms="422" started-at="2020-09-09T07:18:03Z" finished-at="2020-09-09T07:18:03Z">
          <reporter-output>
          </reporter-output>
        </test-method> <!-- tearDown -->
      </class> <!-- com.orangehrm.tests.LoginTest -->
    </test> <!-- SmokeTest -->
  </suite> <!-- SmokeTestSuite -->
</testng-results>
